-------------------------------------------------------------------------------
Test set: br.ce.smartdocs.test.CT006CriarNovaPastaManualmente
-------------------------------------------------------------------------------
Tests run: 8, Failures: 0, Errors: 8, Skipped: 0, Time elapsed: 427.277 sec <<< FAILURE! - in br.ce.smartdocs.test.CT006CriarNovaPastaManualmente
teste3_CriarNovaPastaComTituloRepetidoNaArvoreDePastas(br.ce.smartdocs.test.CT006CriarNovaPastaManualmente)  Time elapsed: 67.78 sec  <<< ERROR!
org.openqa.selenium.TimeoutException: Expected condition failed: waiting for element to be clickable: By.xpath: //html/body/div[3]/div[3]/ul/li[1]/div[2]/span (tried for 5 second(s) with 500 milliseconds interval)
	at org.openqa.selenium.support.ui.ExpectedConditions.lambda$findElement$0(ExpectedConditions.java:896)
	at java.base/java.util.Optional.orElseThrow(Optional.java:408)
	at org.openqa.selenium.support.ui.ExpectedConditions.findElement(ExpectedConditions.java:895)
	at org.openqa.selenium.support.ui.ExpectedConditions.access$000(ExpectedConditions.java:44)
	at org.openqa.selenium.support.ui.ExpectedConditions$7.apply(ExpectedConditions.java:206)
	at org.openqa.selenium.support.ui.ExpectedConditions$7.apply(ExpectedConditions.java:202)
	at org.openqa.selenium.support.ui.ExpectedConditions$22.apply(ExpectedConditions.java:657)
	at org.openqa.selenium.support.ui.ExpectedConditions$22.apply(ExpectedConditions.java:654)
	at org.openqa.selenium.support.ui.FluentWait.until(FluentWait.java:248)
	at br.com.smartdocs.core.BasePage.esperaExplicita(BasePage.java:433)
	at br.com.smartdocs.core.BasePage.esperaExplicita(BasePage.java:437)
	at br.com.smartdocs.core.BasePage.esperaExplicitaEClica(BasePage.java:441)
	at br.ce.smartdocs.page.MenuMaisPage.acessarTelaNovaPasta(MenuMaisPage.java:15)
	at br.ce.smartdocs.test.CT006CriarNovaPastaManualmente.teste3_CriarNovaPastaComTituloRepetidoNaArvoreDePastas(CT006CriarNovaPastaManualmente.java:48)

teste1_CriarNovaPastaSemSelecionarWorkspace(br.ce.smartdocs.test.CT006CriarNovaPastaManualmente)  Time elapsed: 49.144 sec  <<< ERROR!
org.openqa.selenium.TimeoutException: Expected condition failed: waiting for element to be clickable: By.xpath: //html/body/div[3]/div[3]/ul/li[1]/div[2]/span (tried for 5 second(s) with 500 milliseconds interval)
	at org.openqa.selenium.support.ui.ExpectedConditions.lambda$findElement$0(ExpectedConditions.java:896)
	at java.base/java.util.Optional.orElseThrow(Optional.java:408)
	at org.openqa.selenium.support.ui.ExpectedConditions.findElement(ExpectedConditions.java:895)
	at org.openqa.selenium.support.ui.ExpectedConditions.access$000(ExpectedConditions.java:44)
	at org.openqa.selenium.support.ui.ExpectedConditions$7.apply(ExpectedConditions.java:206)
	at org.openqa.selenium.support.ui.ExpectedConditions$7.apply(ExpectedConditions.java:202)
	at org.openqa.selenium.support.ui.ExpectedConditions$22.apply(ExpectedConditions.java:657)
	at org.openqa.selenium.support.ui.ExpectedConditions$22.apply(ExpectedConditions.java:654)
	at org.openqa.selenium.support.ui.FluentWait.until(FluentWait.java:248)
	at br.com.smartdocs.core.BasePage.esperaExplicita(BasePage.java:433)
	at br.com.smartdocs.core.BasePage.esperaExplicita(BasePage.java:437)
	at br.com.smartdocs.core.BasePage.esperaExplicitaEClica(BasePage.java:441)
	at br.ce.smartdocs.page.MenuMaisPage.acessarTelaNovaPasta(MenuMaisPage.java:15)
	at br.ce.smartdocs.test.CT006CriarNovaPastaManualmente.teste1_CriarNovaPastaSemSelecionarWorkspace(CT006CriarNovaPastaManualmente.java:25)

teste2_CriarNovaPastaNaArvoreDePastas(br.ce.smartdocs.test.CT006CriarNovaPastaManualmente)  Time elapsed: 50.47 sec  <<< ERROR!
org.openqa.selenium.TimeoutException: Expected condition failed: waiting for element to be clickable: By.xpath: //html/body/div[3]/div[3]/ul/li[1]/div[2]/span (tried for 5 second(s) with 500 milliseconds interval)
	at org.openqa.selenium.support.ui.ExpectedConditions.lambda$findElement$0(ExpectedConditions.java:896)
	at java.base/java.util.Optional.orElseThrow(Optional.java:408)
	at org.openqa.selenium.support.ui.ExpectedConditions.findElement(ExpectedConditions.java:895)
	at org.openqa.selenium.support.ui.ExpectedConditions.access$000(ExpectedConditions.java:44)
	at org.openqa.selenium.support.ui.ExpectedConditions$7.apply(ExpectedConditions.java:206)
	at org.openqa.selenium.support.ui.ExpectedConditions$7.apply(ExpectedConditions.java:202)
	at org.openqa.selenium.support.ui.ExpectedConditions$22.apply(ExpectedConditions.java:657)
	at org.openqa.selenium.support.ui.ExpectedConditions$22.apply(ExpectedConditions.java:654)
	at org.openqa.selenium.support.ui.FluentWait.until(FluentWait.java:248)
	at br.com.smartdocs.core.BasePage.esperaExplicita(BasePage.java:433)
	at br.com.smartdocs.core.BasePage.esperaExplicita(BasePage.java:437)
	at br.com.smartdocs.core.BasePage.esperaExplicitaEClica(BasePage.java:441)
	at br.ce.smartdocs.page.MenuMaisPage.acessarTelaNovaPasta(MenuMaisPage.java:15)
	at br.ce.smartdocs.test.CT006CriarNovaPastaManualmente.teste2_CriarNovaPastaNaArvoreDePastas(CT006CriarNovaPastaManualmente.java:36)

teste4_CriarNovaPastaComDescricaoRepetidaNaArvoreDePastas(br.ce.smartdocs.test.CT006CriarNovaPastaManualmente)  Time elapsed: 39.039 sec  <<< ERROR!
org.openqa.selenium.TimeoutException: Expected condition failed: waiting for element to be clickable: By.xpath: //html/body/div[3]/div[3]/ul/li[1]/div[2]/span (tried for 5 second(s) with 500 milliseconds interval)
	at org.openqa.selenium.support.ui.ExpectedConditions.lambda$findElement$0(ExpectedConditions.java:896)
	at java.base/java.util.Optional.orElseThrow(Optional.java:408)
	at org.openqa.selenium.support.ui.ExpectedConditions.findElement(ExpectedConditions.java:895)
	at org.openqa.selenium.support.ui.ExpectedConditions.access$000(ExpectedConditions.java:44)
	at org.openqa.selenium.support.ui.ExpectedConditions$7.apply(ExpectedConditions.java:206)
	at org.openqa.selenium.support.ui.ExpectedConditions$7.apply(ExpectedConditions.java:202)
	at org.openqa.selenium.support.ui.ExpectedConditions$22.apply(ExpectedConditions.java:657)
	at org.openqa.selenium.support.ui.ExpectedConditions$22.apply(ExpectedConditions.java:654)
	at org.openqa.selenium.support.ui.FluentWait.until(FluentWait.java:248)
	at br.com.smartdocs.core.BasePage.esperaExplicita(BasePage.java:433)
	at br.com.smartdocs.core.BasePage.esperaExplicita(BasePage.java:437)
	at br.com.smartdocs.core.BasePage.esperaExplicitaEClica(BasePage.java:441)
	at br.ce.smartdocs.page.MenuMaisPage.acessarTelaNovaPasta(MenuMaisPage.java:15)
	at br.ce.smartdocs.test.CT006CriarNovaPastaManualmente.teste4_CriarNovaPastaComDescricaoRepetidaNaArvoreDePastas(CT006CriarNovaPastaManualmente.java:60)

teste5_CriarNovaPastaComDescricaoETituloRepetidoNaArvoreDePastas(br.ce.smartdocs.test.CT006CriarNovaPastaManualmente)  Time elapsed: 65.384 sec  <<< ERROR!
org.openqa.selenium.TimeoutException: Expected condition failed: waiting for element to be clickable: By.xpath: //html/body/div[3]/div[3]/ul/li[1]/div[2]/span (tried for 5 second(s) with 500 milliseconds interval)
	at org.openqa.selenium.support.ui.ExpectedConditions.lambda$findElement$0(ExpectedConditions.java:896)
	at java.base/java.util.Optional.orElseThrow(Optional.java:408)
	at org.openqa.selenium.support.ui.ExpectedConditions.findElement(ExpectedConditions.java:895)
	at org.openqa.selenium.support.ui.ExpectedConditions.access$000(ExpectedConditions.java:44)
	at org.openqa.selenium.support.ui.ExpectedConditions$7.apply(ExpectedConditions.java:206)
	at org.openqa.selenium.support.ui.ExpectedConditions$7.apply(ExpectedConditions.java:202)
	at org.openqa.selenium.support.ui.ExpectedConditions$22.apply(ExpectedConditions.java:657)
	at org.openqa.selenium.support.ui.ExpectedConditions$22.apply(ExpectedConditions.java:654)
	at org.openqa.selenium.support.ui.FluentWait.until(FluentWait.java:248)
	at br.com.smartdocs.core.BasePage.esperaExplicita(BasePage.java:433)
	at br.com.smartdocs.core.BasePage.esperaExplicita(BasePage.java:437)
	at br.com.smartdocs.core.BasePage.esperaExplicitaEClica(BasePage.java:441)
	at br.ce.smartdocs.page.MenuMaisPage.acessarTelaNovaPasta(MenuMaisPage.java:15)
	at br.ce.smartdocs.test.CT006CriarNovaPastaManualmente.teste5_CriarNovaPastaComDescricaoETituloRepetidoNaArvoreDePastas(CT006CriarNovaPastaManualmente.java:72)

teste6_CriarNovaSubpasta(br.ce.smartdocs.test.CT006CriarNovaPastaManualmente)  Time elapsed: 50.271 sec  <<< ERROR!
org.openqa.selenium.TimeoutException: Expected condition failed: waiting for element to be clickable: By.xpath: //html/body/div[3]/div[3]/ul/li[1]/div[2]/span (tried for 5 second(s) with 500 milliseconds interval)
	at org.openqa.selenium.support.ui.ExpectedConditions.lambda$findElement$0(ExpectedConditions.java:896)
	at java.base/java.util.Optional.orElseThrow(Optional.java:408)
	at org.openqa.selenium.support.ui.ExpectedConditions.findElement(ExpectedConditions.java:895)
	at org.openqa.selenium.support.ui.ExpectedConditions.access$000(ExpectedConditions.java:44)
	at org.openqa.selenium.support.ui.ExpectedConditions$7.apply(ExpectedConditions.java:206)
	at org.openqa.selenium.support.ui.ExpectedConditions$7.apply(ExpectedConditions.java:202)
	at org.openqa.selenium.support.ui.ExpectedConditions$22.apply(ExpectedConditions.java:657)
	at org.openqa.selenium.support.ui.ExpectedConditions$22.apply(ExpectedConditions.java:654)
	at org.openqa.selenium.support.ui.FluentWait.until(FluentWait.java:248)
	at br.com.smartdocs.core.BasePage.esperaExplicita(BasePage.java:433)
	at br.com.smartdocs.core.BasePage.esperaExplicita(BasePage.java:437)
	at br.com.smartdocs.core.BasePage.esperaExplicitaEClica(BasePage.java:441)
	at br.ce.smartdocs.page.MenuMaisPage.acessarTelaNovaPasta(MenuMaisPage.java:15)
	at br.ce.smartdocs.test.CT006CriarNovaPastaManualmente.teste6_CriarNovaSubpasta(CT006CriarNovaPastaManualmente.java:84)

teste7_CriarSubpastaComTituloRepetido(br.ce.smartdocs.test.CT006CriarNovaPastaManualmente)  Time elapsed: 54.204 sec  <<< ERROR!
org.openqa.selenium.TimeoutException: Expected condition failed: waiting for element to be clickable: By.xpath: //html/body/div[3]/div[3]/ul/li[1]/div[2]/span (tried for 5 second(s) with 500 milliseconds interval)
	at org.openqa.selenium.support.ui.ExpectedConditions.lambda$findElement$0(ExpectedConditions.java:896)
	at java.base/java.util.Optional.orElseThrow(Optional.java:408)
	at org.openqa.selenium.support.ui.ExpectedConditions.findElement(ExpectedConditions.java:895)
	at org.openqa.selenium.support.ui.ExpectedConditions.access$000(ExpectedConditions.java:44)
	at org.openqa.selenium.support.ui.ExpectedConditions$7.apply(ExpectedConditions.java:206)
	at org.openqa.selenium.support.ui.ExpectedConditions$7.apply(ExpectedConditions.java:202)
	at org.openqa.selenium.support.ui.ExpectedConditions$22.apply(ExpectedConditions.java:657)
	at org.openqa.selenium.support.ui.ExpectedConditions$22.apply(ExpectedConditions.java:654)
	at org.openqa.selenium.support.ui.FluentWait.until(FluentWait.java:248)
	at br.com.smartdocs.core.BasePage.esperaExplicita(BasePage.java:433)
	at br.com.smartdocs.core.BasePage.esperaExplicita(BasePage.java:437)
	at br.com.smartdocs.core.BasePage.esperaExplicitaEClica(BasePage.java:441)
	at br.ce.smartdocs.page.MenuMaisPage.acessarTelaNovaPasta(MenuMaisPage.java:15)
	at br.ce.smartdocs.test.CT006CriarNovaPastaManualmente.teste7_CriarSubpastaComTituloRepetido(CT006CriarNovaPastaManualmente.java:98)

teste8_CriarNovaSubpastaComDescricaoRepetida(br.ce.smartdocs.test.CT006CriarNovaPastaManualmente)  Time elapsed: 50.985 sec  <<< ERROR!
org.openqa.selenium.TimeoutException: Expected condition failed: waiting for element to be clickable: By.xpath: //html/body/div[3]/div[3]/ul/li[1]/div[2]/span (tried for 5 second(s) with 500 milliseconds interval)
	at org.openqa.selenium.support.ui.ExpectedConditions.lambda$findElement$0(ExpectedConditions.java:896)
	at java.base/java.util.Optional.orElseThrow(Optional.java:408)
	at org.openqa.selenium.support.ui.ExpectedConditions.findElement(ExpectedConditions.java:895)
	at org.openqa.selenium.support.ui.ExpectedConditions.access$000(ExpectedConditions.java:44)
	at org.openqa.selenium.support.ui.ExpectedConditions$7.apply(ExpectedConditions.java:206)
	at org.openqa.selenium.support.ui.ExpectedConditions$7.apply(ExpectedConditions.java:202)
	at org.openqa.selenium.support.ui.ExpectedConditions$22.apply(ExpectedConditions.java:657)
	at org.openqa.selenium.support.ui.ExpectedConditions$22.apply(ExpectedConditions.java:654)
	at org.openqa.selenium.support.ui.FluentWait.until(FluentWait.java:248)
	at br.com.smartdocs.core.BasePage.esperaExplicita(BasePage.java:433)
	at br.com.smartdocs.core.BasePage.esperaExplicita(BasePage.java:437)
	at br.com.smartdocs.core.BasePage.esperaExplicitaEClica(BasePage.java:441)
	at br.ce.smartdocs.page.MenuMaisPage.acessarTelaNovaPasta(MenuMaisPage.java:15)
	at br.ce.smartdocs.test.CT006CriarNovaPastaManualmente.teste8_CriarNovaSubpastaComDescricaoRepetida(CT006CriarNovaPastaManualmente.java:111)

