<?xml version="1.0" encoding="UTF-8"?>
<testsuite name="br.ce.smartdocs.test.CT006CriarNovaPastaManualmente" time="427.277" tests="8" errors="8" skipped="0" failures="0">
  <properties>
[...]
</properties>
  <testcase name="teste3_CriarNovaPastaComTituloRepetidoNaArvoreDePastas" classname="br.ce.smartdocs.test.CT006CriarNovaPastaManualmente" time="67.78">
    <error message="Expected condition failed: waiting for element to be clickable: By.xpath: //html/body/div[3]/div[3]/ul/li[1]/div[2]/span (tried for 5 second(s) with 500 milliseconds interval)" type="org.openqa.selenium.TimeoutException">org.openqa.selenium.TimeoutException: Expected condition failed: waiting for element to be clickable: By.xpath: //html/body/div[3]/div[3]/ul/li[1]/div[2]/span (tried for 5 second(s) with 500 milliseconds interval)
	at org.openqa.selenium.support.ui.ExpectedConditions.lambda$findElement$0(ExpectedConditions.java:896)
	at java.base/java.util.Optional.orElseThrow(Optional.java:408)
	at org.openqa.selenium.support.ui.ExpectedConditions.findElement(ExpectedConditions.java:895)
	at org.openqa.selenium.support.ui.ExpectedConditions.access$000(ExpectedConditions.java:44)
	at org.openqa.selenium.support.ui.ExpectedConditions$7.apply(ExpectedConditions.java:206)
	at org.openqa.selenium.support.ui.ExpectedConditions$7.apply(ExpectedConditions.java:202)
	at org.openqa.selenium.support.ui.ExpectedConditions$22.apply(ExpectedConditions.java:657)
	at org.openqa.selenium.support.ui.ExpectedConditions$22.apply(ExpectedConditions.java:654)
	at org.openqa.selenium.support.ui.FluentWait.until(FluentWait.java:248)
	at br.com.smartdocs.core.BasePage.esperaExplicita(BasePage.java:433)
	at br.com.smartdocs.core.BasePage.esperaExplicita(BasePage.java:437)
	at br.com.smartdocs.core.BasePage.esperaExplicitaEClica(BasePage.java:441)
	at br.ce.smartdocs.page.MenuMaisPage.acessarTelaNovaPasta(MenuMaisPage.java:15)
	at br.ce.smartdocs.test.CT006CriarNovaPastaManualmente.teste3_CriarNovaPastaComTituloRepetidoNaArvoreDePastas(CT006CriarNovaPastaManualmente.java:48)
</error>
    <system-err><![CDATA[nov 12, 2021 3:09:17 PM org.openqa.selenium.remote.DesiredCapabilities firefox
INFORMAÇÕES: Using `new FirefoxOptions()` is preferred to `DesiredCapabilities.firefox()`
nov 12, 2021 3:09:21 PM org.openqa.selenium.remote.ProtocolHandshake createSession
INFORMAÇÕES: Detected dialect: W3C
]]></system-err>
  </testcase>
  <testcase name="teste1_CriarNovaPastaSemSelecionarWorkspace" classname="br.ce.smartdocs.test.CT006CriarNovaPastaManualmente" time="49.144">
    <error message="Expected condition failed: waiting for element to be clickable: By.xpath: //html/body/div[3]/div[3]/ul/li[1]/div[2]/span (tried for 5 second(s) with 500 milliseconds interval)" type="org.openqa.selenium.TimeoutException">org.openqa.selenium.TimeoutException: Expected condition failed: waiting for element to be clickable: By.xpath: //html/body/div[3]/div[3]/ul/li[1]/div[2]/span (tried for 5 second(s) with 500 milliseconds interval)
	at org.openqa.selenium.support.ui.ExpectedConditions.lambda$findElement$0(ExpectedConditions.java:896)
	at java.base/java.util.Optional.orElseThrow(Optional.java:408)
	at org.openqa.selenium.support.ui.ExpectedConditions.findElement(ExpectedConditions.java:895)
	at org.openqa.selenium.support.ui.ExpectedConditions.access$000(ExpectedConditions.java:44)
	at org.openqa.selenium.support.ui.ExpectedConditions$7.apply(ExpectedConditions.java:206)
	at org.openqa.selenium.support.ui.ExpectedConditions$7.apply(ExpectedConditions.java:202)
	at org.openqa.selenium.support.ui.ExpectedConditions$22.apply(ExpectedConditions.java:657)
	at org.openqa.selenium.support.ui.ExpectedConditions$22.apply(ExpectedConditions.java:654)
	at org.openqa.selenium.support.ui.FluentWait.until(FluentWait.java:248)
	at br.com.smartdocs.core.BasePage.esperaExplicita(BasePage.java:433)
	at br.com.smartdocs.core.BasePage.esperaExplicita(BasePage.java:437)
	at br.com.smartdocs.core.BasePage.esperaExplicitaEClica(BasePage.java:441)
	at br.ce.smartdocs.page.MenuMaisPage.acessarTelaNovaPasta(MenuMaisPage.java:15)
	at br.ce.smartdocs.test.CT006CriarNovaPastaManualmente.teste1_CriarNovaPastaSemSelecionarWorkspace(CT006CriarNovaPastaManualmente.java:25)
</error>
    <system-err><![CDATA[nov 12, 2021 3:09:21 PM org.openqa.selenium.remote.DesiredCapabilities firefox
INFORMAÇÕES: Using `new FirefoxOptions()` is preferred to `DesiredCapabilities.firefox()`
nov 12, 2021 3:09:25 PM org.openqa.selenium.remote.ProtocolHandshake createSession
INFORMAÇÕES: Detected dialect: W3C
]]></system-err>
  </testcase>
  <testcase name="teste2_CriarNovaPastaNaArvoreDePastas" classname="br.ce.smartdocs.test.CT006CriarNovaPastaManualmente" time="50.47">
    <error message="Expected condition failed: waiting for element to be clickable: By.xpath: //html/body/div[3]/div[3]/ul/li[1]/div[2]/span (tried for 5 second(s) with 500 milliseconds interval)" type="org.openqa.selenium.TimeoutException">org.openqa.selenium.TimeoutException: Expected condition failed: waiting for element to be clickable: By.xpath: //html/body/div[3]/div[3]/ul/li[1]/div[2]/span (tried for 5 second(s) with 500 milliseconds interval)
	at org.openqa.selenium.support.ui.ExpectedConditions.lambda$findElement$0(ExpectedConditions.java:896)
	at java.base/java.util.Optional.orElseThrow(Optional.java:408)
	at org.openqa.selenium.support.ui.ExpectedConditions.findElement(ExpectedConditions.java:895)
	at org.openqa.selenium.support.ui.ExpectedConditions.access$000(ExpectedConditions.java:44)
	at org.openqa.selenium.support.ui.ExpectedConditions$7.apply(ExpectedConditions.java:206)
	at org.openqa.selenium.support.ui.ExpectedConditions$7.apply(ExpectedConditions.java:202)
	at org.openqa.selenium.support.ui.ExpectedConditions$22.apply(ExpectedConditions.java:657)
	at org.openqa.selenium.support.ui.ExpectedConditions$22.apply(ExpectedConditions.java:654)
	at org.openqa.selenium.support.ui.FluentWait.until(FluentWait.java:248)
	at br.com.smartdocs.core.BasePage.esperaExplicita(BasePage.java:433)
	at br.com.smartdocs.core.BasePage.esperaExplicita(BasePage.java:437)
	at br.com.smartdocs.core.BasePage.esperaExplicitaEClica(BasePage.java:441)
	at br.ce.smartdocs.page.MenuMaisPage.acessarTelaNovaPasta(MenuMaisPage.java:15)
	at br.ce.smartdocs.test.CT006CriarNovaPastaManualmente.teste2_CriarNovaPastaNaArvoreDePastas(CT006CriarNovaPastaManualmente.java:36)
</error>
    <system-err><![CDATA[nov 12, 2021 3:09:25 PM org.openqa.selenium.remote.DesiredCapabilities firefox
INFORMAÇÕES: Using `new FirefoxOptions()` is preferred to `DesiredCapabilities.firefox()`
nov 12, 2021 3:09:29 PM org.openqa.selenium.remote.ProtocolHandshake createSession
INFORMAÇÕES: Detected dialect: W3C
]]></system-err>
  </testcase>
  <testcase name="teste4_CriarNovaPastaComDescricaoRepetidaNaArvoreDePastas" classname="br.ce.smartdocs.test.CT006CriarNovaPastaManualmente" time="39.039">
    <error message="Expected condition failed: waiting for element to be clickable: By.xpath: //html/body/div[3]/div[3]/ul/li[1]/div[2]/span (tried for 5 second(s) with 500 milliseconds interval)" type="org.openqa.selenium.TimeoutException">org.openqa.selenium.TimeoutException: Expected condition failed: waiting for element to be clickable: By.xpath: //html/body/div[3]/div[3]/ul/li[1]/div[2]/span (tried for 5 second(s) with 500 milliseconds interval)
	at org.openqa.selenium.support.ui.ExpectedConditions.lambda$findElement$0(ExpectedConditions.java:896)
	at java.base/java.util.Optional.orElseThrow(Optional.java:408)
	at org.openqa.selenium.support.ui.ExpectedConditions.findElement(ExpectedConditions.java:895)
	at org.openqa.selenium.support.ui.ExpectedConditions.access$000(ExpectedConditions.java:44)
	at org.openqa.selenium.support.ui.ExpectedConditions$7.apply(ExpectedConditions.java:206)
	at org.openqa.selenium.support.ui.ExpectedConditions$7.apply(ExpectedConditions.java:202)
	at org.openqa.selenium.support.ui.ExpectedConditions$22.apply(ExpectedConditions.java:657)
	at org.openqa.selenium.support.ui.ExpectedConditions$22.apply(ExpectedConditions.java:654)
	at org.openqa.selenium.support.ui.FluentWait.until(FluentWait.java:248)
	at br.com.smartdocs.core.BasePage.esperaExplicita(BasePage.java:433)
	at br.com.smartdocs.core.BasePage.esperaExplicita(BasePage.java:437)
	at br.com.smartdocs.core.BasePage.esperaExplicitaEClica(BasePage.java:441)
	at br.ce.smartdocs.page.MenuMaisPage.acessarTelaNovaPasta(MenuMaisPage.java:15)
	at br.ce.smartdocs.test.CT006CriarNovaPastaManualmente.teste4_CriarNovaPastaComDescricaoRepetidaNaArvoreDePastas(CT006CriarNovaPastaManualmente.java:60)
</error>
    <system-err><![CDATA[nov 12, 2021 3:09:55 PM org.openqa.selenium.remote.DesiredCapabilities firefox
INFORMAÇÕES: Using `new FirefoxOptions()` is preferred to `DesiredCapabilities.firefox()`
nov 12, 2021 3:10:00 PM org.openqa.selenium.remote.ProtocolHandshake createSession
INFORMAÇÕES: Detected dialect: W3C
]]></system-err>
  </testcase>
  <testcase name="teste5_CriarNovaPastaComDescricaoETituloRepetidoNaArvoreDePastas" classname="br.ce.smartdocs.test.CT006CriarNovaPastaManualmente" time="65.384">
    <error message="Expected condition failed: waiting for element to be clickable: By.xpath: //html/body/div[3]/div[3]/ul/li[1]/div[2]/span (tried for 5 second(s) with 500 milliseconds interval)" type="org.openqa.selenium.TimeoutException">org.openqa.selenium.TimeoutException: Expected condition failed: waiting for element to be clickable: By.xpath: //html/body/div[3]/div[3]/ul/li[1]/div[2]/span (tried for 5 second(s) with 500 milliseconds interval)
	at org.openqa.selenium.support.ui.ExpectedConditions.lambda$findElement$0(ExpectedConditions.java:896)
	at java.base/java.util.Optional.orElseThrow(Optional.java:408)
	at org.openqa.selenium.support.ui.ExpectedConditions.findElement(ExpectedConditions.java:895)
	at org.openqa.selenium.support.ui.ExpectedConditions.access$000(ExpectedConditions.java:44)
	at org.openqa.selenium.support.ui.ExpectedConditions$7.apply(ExpectedConditions.java:206)
	at org.openqa.selenium.support.ui.ExpectedConditions$7.apply(ExpectedConditions.java:202)
	at org.openqa.selenium.support.ui.ExpectedConditions$22.apply(ExpectedConditions.java:657)
	at org.openqa.selenium.support.ui.ExpectedConditions$22.apply(ExpectedConditions.java:654)
	at org.openqa.selenium.support.ui.FluentWait.until(FluentWait.java:248)
	at br.com.smartdocs.core.BasePage.esperaExplicita(BasePage.java:433)
	at br.com.smartdocs.core.BasePage.esperaExplicita(BasePage.java:437)
	at br.com.smartdocs.core.BasePage.esperaExplicitaEClica(BasePage.java:441)
	at br.ce.smartdocs.page.MenuMaisPage.acessarTelaNovaPasta(MenuMaisPage.java:15)
	at br.ce.smartdocs.test.CT006CriarNovaPastaManualmente.teste5_CriarNovaPastaComDescricaoETituloRepetidoNaArvoreDePastas(CT006CriarNovaPastaManualmente.java:72)
</error>
    <system-err><![CDATA[nov 12, 2021 3:10:03 PM org.openqa.selenium.remote.DesiredCapabilities firefox
INFORMAÇÕES: Using `new FirefoxOptions()` is preferred to `DesiredCapabilities.firefox()`
nov 12, 2021 3:10:08 PM org.openqa.selenium.remote.ProtocolHandshake createSession
INFORMAÇÕES: Detected dialect: W3C
]]></system-err>
  </testcase>
  <testcase name="teste6_CriarNovaSubpasta" classname="br.ce.smartdocs.test.CT006CriarNovaPastaManualmente" time="50.271">
    <error message="Expected condition failed: waiting for element to be clickable: By.xpath: //html/body/div[3]/div[3]/ul/li[1]/div[2]/span (tried for 5 second(s) with 500 milliseconds interval)" type="org.openqa.selenium.TimeoutException">org.openqa.selenium.TimeoutException: Expected condition failed: waiting for element to be clickable: By.xpath: //html/body/div[3]/div[3]/ul/li[1]/div[2]/span (tried for 5 second(s) with 500 milliseconds interval)
	at org.openqa.selenium.support.ui.ExpectedConditions.lambda$findElement$0(ExpectedConditions.java:896)
	at java.base/java.util.Optional.orElseThrow(Optional.java:408)
	at org.openqa.selenium.support.ui.ExpectedConditions.findElement(ExpectedConditions.java:895)
	at org.openqa.selenium.support.ui.ExpectedConditions.access$000(ExpectedConditions.java:44)
	at org.openqa.selenium.support.ui.ExpectedConditions$7.apply(ExpectedConditions.java:206)
	at org.openqa.selenium.support.ui.ExpectedConditions$7.apply(ExpectedConditions.java:202)
	at org.openqa.selenium.support.ui.ExpectedConditions$22.apply(ExpectedConditions.java:657)
	at org.openqa.selenium.support.ui.ExpectedConditions$22.apply(ExpectedConditions.java:654)
	at org.openqa.selenium.support.ui.FluentWait.until(FluentWait.java:248)
	at br.com.smartdocs.core.BasePage.esperaExplicita(BasePage.java:433)
	at br.com.smartdocs.core.BasePage.esperaExplicita(BasePage.java:437)
	at br.com.smartdocs.core.BasePage.esperaExplicitaEClica(BasePage.java:441)
	at br.ce.smartdocs.page.MenuMaisPage.acessarTelaNovaPasta(MenuMaisPage.java:15)
	at br.ce.smartdocs.test.CT006CriarNovaPastaManualmente.teste6_CriarNovaSubpasta(CT006CriarNovaPastaManualmente.java:84)
</error>
    <system-err><![CDATA[nov 12, 2021 3:10:08 PM org.openqa.selenium.remote.DesiredCapabilities firefox
INFORMAÇÕES: Using `new FirefoxOptions()` is preferred to `DesiredCapabilities.firefox()`
nov 12, 2021 3:10:12 PM org.openqa.selenium.remote.ProtocolHandshake createSession
INFORMAÇÕES: Detected dialect: W3C
]]></system-err>
  </testcase>
  <testcase name="teste7_CriarSubpastaComTituloRepetido" classname="br.ce.smartdocs.test.CT006CriarNovaPastaManualmente" time="54.204">
    <error message="Expected condition failed: waiting for element to be clickable: By.xpath: //html/body/div[3]/div[3]/ul/li[1]/div[2]/span (tried for 5 second(s) with 500 milliseconds interval)" type="org.openqa.selenium.TimeoutException">org.openqa.selenium.TimeoutException: Expected condition failed: waiting for element to be clickable: By.xpath: //html/body/div[3]/div[3]/ul/li[1]/div[2]/span (tried for 5 second(s) with 500 milliseconds interval)
	at org.openqa.selenium.support.ui.ExpectedConditions.lambda$findElement$0(ExpectedConditions.java:896)
	at java.base/java.util.Optional.orElseThrow(Optional.java:408)
	at org.openqa.selenium.support.ui.ExpectedConditions.findElement(ExpectedConditions.java:895)
	at org.openqa.selenium.support.ui.ExpectedConditions.access$000(ExpectedConditions.java:44)
	at org.openqa.selenium.support.ui.ExpectedConditions$7.apply(ExpectedConditions.java:206)
	at org.openqa.selenium.support.ui.ExpectedConditions$7.apply(ExpectedConditions.java:202)
	at org.openqa.selenium.support.ui.ExpectedConditions$22.apply(ExpectedConditions.java:657)
	at org.openqa.selenium.support.ui.ExpectedConditions$22.apply(ExpectedConditions.java:654)
	at org.openqa.selenium.support.ui.FluentWait.until(FluentWait.java:248)
	at br.com.smartdocs.core.BasePage.esperaExplicita(BasePage.java:433)
	at br.com.smartdocs.core.BasePage.esperaExplicita(BasePage.java:437)
	at br.com.smartdocs.core.BasePage.esperaExplicitaEClica(BasePage.java:441)
	at br.ce.smartdocs.page.MenuMaisPage.acessarTelaNovaPasta(MenuMaisPage.java:15)
	at br.ce.smartdocs.test.CT006CriarNovaPastaManualmente.teste7_CriarSubpastaComTituloRepetido(CT006CriarNovaPastaManualmente.java:98)
</error>
    <system-err><![CDATA[nov 12, 2021 3:10:16 PM org.openqa.selenium.remote.DesiredCapabilities firefox
INFORMAÇÕES: Using `new FirefoxOptions()` is preferred to `DesiredCapabilities.firefox()`
nov 12, 2021 3:10:21 PM org.openqa.selenium.remote.ProtocolHandshake createSession
INFORMAÇÕES: Detected dialect: W3C
]]></system-err>
  </testcase>
  <testcase name="teste8_CriarNovaSubpastaComDescricaoRepetida" classname="br.ce.smartdocs.test.CT006CriarNovaPastaManualmente" time="50.985">
    <error message="Expected condition failed: waiting for element to be clickable: By.xpath: //html/body/div[3]/div[3]/ul/li[1]/div[2]/span (tried for 5 second(s) with 500 milliseconds interval)" type="org.openqa.selenium.TimeoutException">org.openqa.selenium.TimeoutException: Expected condition failed: waiting for element to be clickable: By.xpath: //html/body/div[3]/div[3]/ul/li[1]/div[2]/span (tried for 5 second(s) with 500 milliseconds interval)
	at org.openqa.selenium.support.ui.ExpectedConditions.lambda$findElement$0(ExpectedConditions.java:896)
	at java.base/java.util.Optional.orElseThrow(Optional.java:408)
	at org.openqa.selenium.support.ui.ExpectedConditions.findElement(ExpectedConditions.java:895)
	at org.openqa.selenium.support.ui.ExpectedConditions.access$000(ExpectedConditions.java:44)
	at org.openqa.selenium.support.ui.ExpectedConditions$7.apply(ExpectedConditions.java:206)
	at org.openqa.selenium.support.ui.ExpectedConditions$7.apply(ExpectedConditions.java:202)
	at org.openqa.selenium.support.ui.ExpectedConditions$22.apply(ExpectedConditions.java:657)
	at org.openqa.selenium.support.ui.ExpectedConditions$22.apply(ExpectedConditions.java:654)
	at org.openqa.selenium.support.ui.FluentWait.until(FluentWait.java:248)
	at br.com.smartdocs.core.BasePage.esperaExplicita(BasePage.java:433)
	at br.com.smartdocs.core.BasePage.esperaExplicita(BasePage.java:437)
	at br.com.smartdocs.core.BasePage.esperaExplicitaEClica(BasePage.java:441)
	at br.ce.smartdocs.page.MenuMaisPage.acessarTelaNovaPasta(MenuMaisPage.java:15)
	at br.ce.smartdocs.test.CT006CriarNovaPastaManualmente.teste8_CriarNovaSubpastaComDescricaoRepetida(CT006CriarNovaPastaManualmente.java:111)
</error>
    <system-err><![CDATA[nov 12, 2021 3:10:12 PM org.openqa.selenium.remote.DesiredCapabilities firefox
INFORMAÇÕES: Using `new FirefoxOptions()` is preferred to `DesiredCapabilities.firefox()`
nov 12, 2021 3:10:16 PM org.openqa.selenium.remote.ProtocolHandshake createSession
INFORMAÇÕES: Detected dialect: W3C
]]></system-err>
  </testcase>
</testsuite>